<?xml version="1.0" encoding="UTF-8"?>
<!-- Generated by org.testng.reporters.JUnitReportReporter -->
<testsuite hostname="TYUDM" failures="0" tests="1" name="contextMenu.ContextTests" time="2.084" errors="0" timestamp="03 Dec 2019 13:04:36 GMT" skipped="0">
  <testcase classname="contextMenu.ContextTests" name="testRightClick" time="2.084"/>
</testsuite> <!-- contextMenu.ContextTests -->
