<?xml version="1.0" encoding="UTF-8"?>
<!-- Generated by org.testng.reporters.JUnitReportReporter -->
<testsuite hostname="TYUDM" failures="0" tests="2" name="keys.KeysTests" time="1.899" errors="0" timestamp="26 Nov 2019 16:56:33 GMT" skipped="0">
  <testcase classname="keys.KeysTests" name="testPi" time="0.898"/>
  <testcase classname="keys.KeysTests" name="testBackSpace" time="1.001"/>
</testsuite> <!-- keys.KeysTests -->
