<?xml version="1.0" encoding="UTF-8"?>
<!-- Generated by org.testng.reporters.JUnitReportReporter -->
<testsuite hostname="TYUDM" failures="0" tests="5" name="javaScript.JavaScriptTests" time="7.213" errors="0" timestamp="03 Dec 2019 13:19:15 GMT" skipped="0">
  <testcase classname="javaScript.JavaScriptTests" name="testSelectOption" time="1.451"/>
  <testcase classname="javaScript.JavaScriptTests" name="testScrollToTable" time="1.419"/>
  <testcase classname="javaScript.JavaScriptTests" name="testDomain" time="1.197"/>
  <testcase classname="javaScript.JavaScriptTests" name="testScrollToButtom" time="1.347"/>
  <testcase classname="javaScript.JavaScriptTests" name="testScrollToFifthParagraph" time="1.799"/>
</testsuite> <!-- javaScript.JavaScriptTests -->
