<?xml version="1.0" encoding="UTF-8"?>
<!-- Generated by org.testng.reporters.JUnitReportReporter -->
<testsuite hostname="TYUDM" failures="0" tests="2" name="keys.KeysTests" time="1.925" errors="0" timestamp="03 Dec 2019 13:04:36 GMT" skipped="0">
  <testcase classname="keys.KeysTests" name="testPi" time="0.892"/>
  <testcase classname="keys.KeysTests" name="testBackSpace" time="1.033"/>
</testsuite> <!-- keys.KeysTests -->
