<?xml version="1.0" encoding="UTF-8"?>
<!-- Generated by org.testng.reporters.JUnitReportReporter -->
<testsuite hostname="TYUDM" failures="0" tests="6" name="AlertsPage.AlertsTests" time="6.877" errors="0" timestamp="26 Nov 2019 16:56:33 GMT" skipped="0">
  <testcase classname="AlertsPage.AlertsTests" name="testSetInputInAlert" time="1.207"/>
  <testcase classname="AlertsPage.AlertsTests" name="JSConfirmAlert" time="1.513"/>
  <testcase classname="AlertsPage.AlertsTests" name="JSConfirmAlert" time="0.982"/>
  <testcase classname="AlertsPage.AlertsTests" name="JSAlertTest" time="1.092"/>
  <testcase classname="AlertsPage.AlertsTests" name="JSAlertTest" time="1.167"/>
  <testcase classname="AlertsPage.AlertsTests" name="testSetInputInAlert" time="0.916"/>
</testsuite> <!-- AlertsPage.AlertsTests -->
