<?xml version="1.0" encoding="UTF-8"?>
<!-- Generated by org.testng.reporters.JUnitReportReporter -->
<testsuite hostname="TYUDM" failures="0" tests="5" name="javaScript.JavaScriptTests" time="6.741" errors="0" timestamp="26 Nov 2019 16:56:33 GMT" skipped="0">
  <testcase classname="javaScript.JavaScriptTests" name="testDomain" time="1.215"/>
  <testcase classname="javaScript.JavaScriptTests" name="testScrollToButtom" time="1.173"/>
  <testcase classname="javaScript.JavaScriptTests" name="testScrollToFifthParagraph" time="1.727"/>
  <testcase classname="javaScript.JavaScriptTests" name="testSelectOption" time="1.198"/>
  <testcase classname="javaScript.JavaScriptTests" name="testScrollToTable" time="1.428"/>
</testsuite> <!-- javaScript.JavaScriptTests -->
