<?xml version="1.0" encoding="UTF-8"?>
<!-- Generated by org.testng.reporters.JUnitReportReporter -->
<testsuite hostname="TYUDM" failures="0" tests="1" name="forgotPassword.forgotPasswordTests" time="2.611" errors="0" timestamp="03 Dec 2019 13:04:36 GMT" skipped="0">
  <testcase classname="forgotPassword.forgotPasswordTests" name="testSendingEmail" time="2.611"/>
</testsuite> <!-- forgotPassword.forgotPasswordTests -->
