<?xml version="1.0" encoding="UTF-8"?>
<!-- Generated by org.testng.reporters.JUnitReportReporter -->
<testsuite hostname="TYUDM" failures="0" tests="1" name="ModalWindow.ModalTests" time="3.431" errors="0" timestamp="03 Dec 2019 13:04:36 GMT" skipped="0">
  <testcase classname="ModalWindow.ModalTests" name="closeTestModal" time="3.431"/>
</testsuite> <!-- ModalWindow.ModalTests -->
