<?xml version="1.0" encoding="UTF-8"?>
<!-- Generated by org.testng.reporters.JUnitReportReporter -->
<testsuite hostname="TYUDM" failures="0" tests="3" name="AlertsPage.AlertsTests" time="3.413" errors="0" timestamp="03 Dec 2019 13:19:15 GMT" skipped="0">
  <testcase classname="AlertsPage.AlertsTests" name="JSConfirmAlert" time="0.987"/>
  <testcase classname="AlertsPage.AlertsTests" name="testSetInputInAlert" time="1.148"/>
  <testcase classname="AlertsPage.AlertsTests" name="JSAlertTest" time="1.278"/>
</testsuite> <!-- AlertsPage.AlertsTests -->
