<?xml version="1.0" encoding="UTF-8"?>
<!-- Generated by org.testng.reporters.JUnitReportReporter -->
<testsuite hostname="TYUDM" failures="0" tests="2" name="ModalWindow.ModalTests" time="7.761" errors="0" timestamp="26 Nov 2019 16:56:33 GMT" skipped="0">
  <testcase classname="ModalWindow.ModalTests" name="closeTestModal" time="4.450"/>
  <testcase classname="ModalWindow.ModalTests" name="closeTestModal" time="3.311"/>
</testsuite> <!-- ModalWindow.ModalTests -->
