<?xml version="1.0" encoding="UTF-8"?>
<!-- Generated by org.testng.reporters.JUnitReportReporter -->
<testsuite hostname="TYUDM" failures="0" tests="1" name="UploadFile.UploadFileTests" time="1.380" errors="0" timestamp="03 Dec 2019 13:19:15 GMT" skipped="0">
  <testcase classname="UploadFile.UploadFileTests" name="testFileUpload" time="1.380"/>
</testsuite> <!-- UploadFile.UploadFileTests -->
