<?xml version="1.0" encoding="UTF-8"?>
<!-- Generated by org.testng.reporters.JUnitReportReporter -->
<testsuite hostname="TYUDM" failures="0" tests="1" name="keys.MultiplyWindows" time="2.121" errors="0" timestamp="26 Nov 2019 16:56:33 GMT" skipped="0">
  <testcase classname="keys.MultiplyWindows" name="FactExampleTests" time="2.121"/>
</testsuite> <!-- keys.MultiplyWindows -->
