<?xml version="1.0" encoding="UTF-8"?>
<!-- Generated by org.testng.reporters.JUnitReportReporter -->
<testsuite hostname="TYUDM" failures="0" tests="5" name="javaScript.JavaScriptTests" time="9.140" errors="0" timestamp="03 Dec 2019 13:04:36 GMT" skipped="0">
  <testcase classname="javaScript.JavaScriptTests" name="testScrollToButtom" time="1.601"/>
  <testcase classname="javaScript.JavaScriptTests" name="testDomain" time="2.559"/>
  <testcase classname="javaScript.JavaScriptTests" name="testScrollToFifthParagraph" time="2.046"/>
  <testcase classname="javaScript.JavaScriptTests" name="testSelectOption" time="1.516"/>
  <testcase classname="javaScript.JavaScriptTests" name="testScrollToTable" time="1.418"/>
</testsuite> <!-- javaScript.JavaScriptTests -->
