<?xml version="1.0" encoding="UTF-8"?>
<!-- Generated by org.testng.reporters.JUnitReportReporter -->
<testsuite hostname="TYUDM" failures="0" tests="1" name="Wait.FluentWait" time="6.557" errors="0" timestamp="03 Dec 2019 13:19:15 GMT" skipped="0">
  <testcase classname="Wait.FluentWait" name="testWaitUntilHidden" time="6.557"/>
</testsuite> <!-- Wait.FluentWait -->
