<?xml version="1.0" encoding="UTF-8"?>
<!-- Generated by org.testng.reporters.JUnitReportReporter -->
<testsuite hostname="TYUDM" failures="0" tests="1" name="dropdown.DropdownTests" time="1.224" errors="0" timestamp="26 Nov 2019 16:56:33 GMT" skipped="0">
  <testcase classname="dropdown.DropdownTests" name="testSelectOption" time="1.224"/>
</testsuite> <!-- dropdown.DropdownTests -->
