<?xml version="1.0" encoding="UTF-8"?>
<!-- Generated by org.testng.reporters.JUnitReportReporter -->
<testsuite hostname="TYUDM" failures="0" tests="1" name="Slider.sliderTests" time="1.356" errors="0" timestamp="26 Nov 2019 16:56:33 GMT" skipped="0">
  <testcase classname="Slider.sliderTests" name="setSliderNumberFour" time="1.356"/>
</testsuite> <!-- Slider.sliderTests -->
