<?xml version="1.0" encoding="UTF-8"?>
<!-- Generated by org.testng.reporters.JUnitReportReporter -->
<testsuite hostname="TYUDM" failures="0" tests="1" name="Wait.WaitFactExercise" time="6.331" errors="0" timestamp="26 Nov 2019 16:56:33 GMT" skipped="0">
  <testcase classname="Wait.WaitFactExercise" name="FactTest" time="6.331"/>
</testsuite> <!-- Wait.WaitFactExercise -->
