<?xml version="1.0" encoding="UTF-8"?>
<!-- Generated by org.testng.reporters.JUnitReportReporter -->
<testsuite hostname="TYUDM" failures="0" tests="1" name="Frames.NestedFramesTests" time="1.602" errors="0" timestamp="26 Nov 2019 16:56:33 GMT" skipped="0">
  <testcase classname="Frames.NestedFramesTests" name="BottomFrameTest" time="1.602"/>
</testsuite> <!-- Frames.NestedFramesTests -->
