<?xml version="1.0" encoding="UTF-8"?>
<!-- Generated by org.testng.reporters.JUnitReportReporter -->
<testsuite hostname="TYUDM" failures="0" tests="1" name="Frames.FramesTests" time="2.059" errors="0" timestamp="03 Dec 2019 13:04:36 GMT" skipped="0">
  <testcase classname="Frames.FramesTests" name="ParagraphTest" time="2.059"/>
</testsuite> <!-- Frames.FramesTests -->
