<?xml version="1.0" encoding="UTF-8"?>
<!-- Generated by org.testng.reporters.JUnitReportReporter -->
<testsuite hostname="TYUDM" failures="0" tests="2" name="keys.KeysTests" time="1.932" errors="0" timestamp="03 Dec 2019 13:19:15 GMT" skipped="0">
  <testcase classname="keys.KeysTests" name="testBackSpace" time="1.030"/>
  <testcase classname="keys.KeysTests" name="testPi" time="0.902"/>
</testsuite> <!-- keys.KeysTests -->
