<?xml version="1.0" encoding="UTF-8"?>
<!-- Generated by org.testng.reporters.JUnitReportReporter -->
<testsuite hostname="TYUDM" failures="0" tests="3" name="AlertsPage.AlertsTests" time="3.671" errors="0" timestamp="03 Dec 2019 13:04:36 GMT" skipped="0">
  <testcase classname="AlertsPage.AlertsTests" name="JSConfirmAlert" time="1.081"/>
  <testcase classname="AlertsPage.AlertsTests" name="JSAlertTest" time="1.269"/>
  <testcase classname="AlertsPage.AlertsTests" name="testSetInputInAlert" time="1.321"/>
</testsuite> <!-- AlertsPage.AlertsTests -->
