<?xml version="1.0" encoding="UTF-8"?>
<!-- Generated by org.testng.reporters.JUnitReportReporter -->
<testsuite hostname="TYUDM" failures="0" tests="1" name="hover.HoverTests" time="1.313" errors="0" timestamp="22 Nov 2019 14:48:02 GMT" skipped="0">
  <testcase classname="hover.HoverTests" name="testHoverUser1" time="1.313"/>
</testsuite> <!-- hover.HoverTests -->
