<?xml version="1.0" encoding="UTF-8"?>
<!-- Generated by org.testng.reporters.JUnitReportReporter -->
<testsuite hostname="TYUDM" failures="0" tests="6" name="AlertsPage.AlertsTests" time="6.176" errors="0" timestamp="22 Nov 2019 14:48:02 GMT" skipped="0">
  <testcase classname="AlertsPage.AlertsTests" name="testSetInputInAlert" time="0.946"/>
  <testcase classname="AlertsPage.AlertsTests" name="testSetInputInAlert" time="1.053"/>
  <testcase classname="AlertsPage.AlertsTests" name="JSConfirmAlert" time="1.141"/>
  <testcase classname="AlertsPage.AlertsTests" name="JSAlertTest" time="0.973"/>
  <testcase classname="AlertsPage.AlertsTests" name="JSAlertTest" time="1.082"/>
  <testcase classname="AlertsPage.AlertsTests" name="JSConfirmAlert" time="0.981"/>
</testsuite> <!-- AlertsPage.AlertsTests -->
