<?xml version="1.0" encoding="UTF-8"?>
<!-- Generated by org.testng.reporters.JUnitReportReporter -->
<testsuite hostname="TYUDM" failures="0" tests="5" name="javaScript.JavaScriptTests" time="7.782" errors="0" timestamp="22 Nov 2019 14:48:02 GMT" skipped="0">
  <testcase classname="javaScript.JavaScriptTests" name="testScrollToFifthParagraph" time="2.081"/>
  <testcase classname="javaScript.JavaScriptTests" name="testDomain" time="1.407"/>
  <testcase classname="javaScript.JavaScriptTests" name="testScrollToButtom" time="1.388"/>
  <testcase classname="javaScript.JavaScriptTests" name="testScrollToTable" time="1.502"/>
  <testcase classname="javaScript.JavaScriptTests" name="testSelectOption" time="1.404"/>
</testsuite> <!-- javaScript.JavaScriptTests -->
