<?xml version="1.0" encoding="UTF-8"?>
<!-- Generated by org.testng.reporters.JUnitReportReporter -->
<testsuite hostname="TYUDM" failures="0" tests="1" name="Wait.WaitTests" time="6.618" errors="0" timestamp="22 Nov 2019 14:48:02 GMT" skipped="0">
  <testcase classname="Wait.WaitTests" name="testWaitUntilHidden" time="6.618"/>
</testsuite> <!-- Wait.WaitTests -->
