<?xml version="1.0" encoding="UTF-8"?>
<!-- Generated by org.testng.reporters.JUnitReportReporter -->
<testsuite hostname="TYUDM" failures="0" tests="2" name="ModalWindow.ModalTests" time="7.126" errors="0" timestamp="22 Nov 2019 14:48:02 GMT" skipped="0">
  <testcase classname="ModalWindow.ModalTests" name="closeTestModal" time="3.521"/>
  <testcase classname="ModalWindow.ModalTests" name="closeTestModal" time="3.605"/>
</testsuite> <!-- ModalWindow.ModalTests -->
