<?xml version="1.0" encoding="UTF-8"?>
<!-- Generated by org.testng.reporters.JUnitReportReporter -->
<testsuite hostname="TYUDM" failures="0" tests="1" name="Slider.sliderTests" time="1.369" errors="0" timestamp="22 Nov 2019 14:48:02 GMT" skipped="0">
  <testcase classname="Slider.sliderTests" name="setSliderNumberFour" time="1.369"/>
</testsuite> <!-- Slider.sliderTests -->
