<?xml version="1.0" encoding="UTF-8"?>
<!-- Generated by org.testng.reporters.JUnitReportReporter -->
<testsuite hostname="TYUDM" failures="0" tests="1" name="UploadFile.UploadFileTests" time="1.568" errors="0" timestamp="22 Nov 2019 14:48:02 GMT" skipped="0">
  <testcase classname="UploadFile.UploadFileTests" name="testFileUpload" time="1.568"/>
</testsuite> <!-- UploadFile.UploadFileTests -->
