<?xml version="1.0" encoding="UTF-8"?>
<!-- Generated by org.testng.reporters.JUnitReportReporter -->
<testsuite hostname="TYUDM" failures="0" tests="2" name="keys.KeysTests" time="2.207" errors="0" timestamp="22 Nov 2019 14:48:02 GMT" skipped="0">
  <testcase classname="keys.KeysTests" name="testPi" time="0.947"/>
  <testcase classname="keys.KeysTests" name="testBackSpace" time="1.260"/>
</testsuite> <!-- keys.KeysTests -->
