<?xml version="1.0" encoding="UTF-8"?>
<testsuite xmlns:xsi="http://www.w3.org/2001/XMLSchema-instance" xsi:noNamespaceSchemaLocation="https://maven.apache.org/surefire/maven-surefire-plugin/xsd/surefire-test-report-3.0.xsd" version="3.0" name="TestSuite" time="65.215" tests="29" errors="0" skipped="0" failures="2">
  <properties>
    <property name="sun.desktop" value="windows"/>
    <property name="awt.toolkit" value="sun.awt.windows.WToolkit"/>
    <property name="java.specification.version" value="11"/>
    <property name="sun.cpu.isalist" value="amd64"/>
    <property name="sun.jnu.encoding" value="Cp1252"/>
    <property name="java.class.path" value="C:\Users\tyudm\git\HerokuappProjectEducation\webdriver\target\test-classes;C:\Users\tyudm\git\HerokuappProjectEducation\webdriver\target\classes;C:\Users\tyudm\.m2\repository\org\testng\testng\6.11\testng-6.11.jar;C:\Users\tyudm\.m2\repository\com\beust\jcommander\1.64\jcommander-1.64.jar;C:\Users\tyudm\.m2\repository\org\yaml\snakeyaml\1.17\snakeyaml-1.17.jar;C:\Users\tyudm\.m2\repository\log4j\log4j\1.2.17\log4j-1.2.17.jar;C:\Users\tyudm\.m2\repository\io\qameta\allure\allure-testng\2.7.0\allure-testng-2.7.0.jar;C:\Users\tyudm\.m2\repository\io\qameta\allure\allure-descriptions-javadoc\2.7.0\allure-descriptions-javadoc-2.7.0.jar;C:\Users\tyudm\.m2\repository\io\qameta\allure\allure-java-commons\2.7.0\allure-java-commons-2.7.0.jar;C:\Users\tyudm\.m2\repository\io\qameta\allure\allure2-model-api\1.0.0\allure2-model-api-1.0.0.jar;C:\Users\tyudm\.m2\repository\io\qameta\allure\allure2-model-pojo\1.0.0\allure2-model-pojo-1.0.0.jar;C:\Users\tyudm\.m2\repository\org\apache\tika\tika-core\1.14\tika-core-1.14.jar;C:\Users\tyudm\.m2\repository\io\qameta\allure\allure2-model-jackson\1.0.0\allure2-model-jackson-1.0.0.jar;C:\Users\tyudm\.m2\repository\com\fasterxml\jackson\module\jackson-module-jaxb-annotations\2.7.0\jackson-module-jaxb-annotations-2.7.0.jar;C:\Users\tyudm\.m2\repository\org\aspectj\aspectjrt\1.9.1\aspectjrt-1.9.1.jar;C:\Users\tyudm\.m2\repository\org\jooq\joor-java-8\0.9.9\joor-java-8-0.9.9.jar;C:\Users\tyudm\.m2\repository\io\github\bonigarcia\webdrivermanager\3.7.1\webdrivermanager-3.7.1.jar;C:\Users\tyudm\.m2\repository\commons-io\commons-io\2.6\commons-io-2.6.jar;C:\Users\tyudm\.m2\repository\com\google\code\gson\gson\2.8.5\gson-2.8.5.jar;C:\Users\tyudm\.m2\repository\org\apache\commons\commons-lang3\3.8.1\commons-lang3-3.8.1.jar;C:\Users\tyudm\.m2\repository\org\apache\httpcomponents\httpclient\4.5.6\httpclient-4.5.6.jar;C:\Users\tyudm\.m2\repository\org\apache\httpcomponents\httpcore\4.4.10\httpcore-4.4.10.jar;C:\Users\tyudm\.m2\repository\commons-logging\commons-logging\1.2\commons-logging-1.2.jar;C:\Users\tyudm\.m2\repository\org\rauschig\jarchivelib\1.0.0\jarchivelib-1.0.0.jar;C:\Users\tyudm\.m2\repository\org\apache\commons\commons-compress\1.18\commons-compress-1.18.jar;C:\Users\tyudm\.m2\repository\com\google\guava\guava\22.0\guava-22.0.jar;C:\Users\tyudm\.m2\repository\com\google\code\findbugs\jsr305\1.3.9\jsr305-1.3.9.jar;C:\Users\tyudm\.m2\repository\com\google\errorprone\error_prone_annotations\2.0.18\error_prone_annotations-2.0.18.jar;C:\Users\tyudm\.m2\repository\com\google\j2objc\j2objc-annotations\1.1\j2objc-annotations-1.1.jar;C:\Users\tyudm\.m2\repository\org\codehaus\mojo\animal-sniffer-annotations\1.14\animal-sniffer-annotations-1.14.jar;C:\Users\tyudm\.m2\repository\com\google\api-client\google-api-client-appengine\1.23.0\google-api-client-appengine-1.23.0.jar;C:\Users\tyudm\.m2\repository\com\google\oauth-client\google-oauth-client-appengine\1.23.0\google-oauth-client-appengine-1.23.0.jar;C:\Users\tyudm\.m2\repository\com\google\oauth-client\google-oauth-client\1.23.0\google-oauth-client-1.23.0.jar;C:\Users\tyudm\.m2\repository\com\google\oauth-client\google-oauth-client-servlet\1.23.0\google-oauth-client-servlet-1.23.0.jar;C:\Users\tyudm\.m2\repository\com\google\http-client\google-http-client-jdo\1.23.0\google-http-client-jdo-1.23.0.jar;C:\Users\tyudm\.m2\repository\com\google\api-client\google-api-client\1.23.0\google-api-client-1.23.0.jar;C:\Users\tyudm\.m2\repository\com\google\http-client\google-http-client-jackson2\1.23.0\google-http-client-jackson2-1.23.0.jar;C:\Users\tyudm\.m2\repository\com\google\api-client\google-api-client-servlet\1.23.0\google-api-client-servlet-1.23.0.jar;C:\Users\tyudm\.m2\repository\javax\servlet\servlet-api\2.5\servlet-api-2.5.jar;C:\Users\tyudm\.m2\repository\javax\jdo\jdo2-api\2.3-eb\jdo2-api-2.3-eb.jar;C:\Users\tyudm\.m2\repository\javax\transaction\transaction-api\1.1\transaction-api-1.1.jar;C:\Users\tyudm\.m2\repository\com\google\http-client\google-http-client-appengine\1.23.0\google-http-client-appengine-1.23.0.jar;C:\Users\tyudm\.m2\repository\com\google\http-client\google-http-client\1.23.0\google-http-client-1.23.0.jar;C:\Users\tyudm\.m2\repository\junit\junit\3.8.1\junit-3.8.1.jar;C:\Users\tyudm\.m2\repository\org\apache\velocity\velocity\1.7\velocity-1.7.jar;C:\Users\tyudm\.m2\repository\commons-collections\commons-collections\3.2.1\commons-collections-3.2.1.jar;C:\Users\tyudm\.m2\repository\commons-lang\commons-lang\2.4\commons-lang-2.4.jar;C:\Users\tyudm\.m2\repository\xml-apis\xml-apis\1.4.01\xml-apis-1.4.01.jar;C:\Users\tyudm\.m2\repository\com\codeborne\selenide\5.2.0\selenide-5.2.0.jar;C:\Users\tyudm\.m2\repository\net\lightbody\bmp\browsermob-core\2.1.5\browsermob-core-2.1.5.jar;C:\Users\tyudm\.m2\repository\net\lightbody\bmp\littleproxy\1.1.0-beta-bmp-17\littleproxy-1.1.0-beta-bmp-17.jar;C:\Users\tyudm\.m2\repository\com\fasterxml\jackson\core\jackson-core\2.8.9\jackson-core-2.8.9.jar;C:\Users\tyudm\.m2\repository\com\fasterxml\jackson\core\jackson-databind\2.8.9\jackson-databind-2.8.9.jar;C:\Users\tyudm\.m2\repository\com\fasterxml\jackson\core\jackson-annotations\2.8.9\jackson-annotations-2.8.9.jar;C:\Users\tyudm\.m2\repository\dnsjava\dnsjava\2.1.8\dnsjava-2.1.8.jar;C:\Users\tyudm\.m2\repository\org\slf4j\jcl-over-slf4j\1.7.25\jcl-over-slf4j-1.7.25.jar;C:\Users\tyudm\.m2\repository\com\jcraft\jzlib\1.1.3\jzlib-1.1.3.jar;C:\Users\tyudm\.m2\repository\io\netty\netty-all\4.0.51.Final\netty-all-4.0.51.Final.jar;C:\Users\tyudm\.m2\repository\org\bouncycastle\bcprov-jdk15on\1.58\bcprov-jdk15on-1.58.jar;C:\Users\tyudm\.m2\repository\org\bouncycastle\bcpkix-jdk15on\1.58\bcpkix-jdk15on-1.58.jar;C:\Users\tyudm\.m2\repository\net\lightbody\bmp\mitm\2.1.5\mitm-2.1.5.jar;C:\Users\tyudm\.m2\repository\org\seleniumhq\selenium\selenium-java\4.0.0-alpha-3\selenium-java-4.0.0-alpha-3.jar;C:\Users\tyudm\.m2\repository\org\seleniumhq\selenium\selenium-api\4.0.0-alpha-3\selenium-api-4.0.0-alpha-3.jar;C:\Users\tyudm\.m2\repository\org\seleniumhq\selenium\selenium-chrome-driver\4.0.0-alpha-3\selenium-chrome-driver-4.0.0-alpha-3.jar;C:\Users\tyudm\.m2\repository\org\seleniumhq\selenium\selenium-chromium-driver\4.0.0-alpha-3\selenium-chromium-driver-4.0.0-alpha-3.jar;C:\Users\tyudm\.m2\repository\org\seleniumhq\selenium\selenium-http\4.0.0-alpha-3\selenium-http-4.0.0-alpha-3.jar;C:\Users\tyudm\.m2\repository\org\seleniumhq\selenium\selenium-edge-driver\4.0.0-alpha-3\selenium-edge-driver-4.0.0-alpha-3.jar;C:\Users\tyudm\.m2\repository\org\seleniumhq\selenium\selenium-edgehtml-driver\4.0.0-alpha-3\selenium-edgehtml-driver-4.0.0-alpha-3.jar;C:\Users\tyudm\.m2\repository\org\seleniumhq\selenium\selenium-firefox-driver\4.0.0-alpha-3\selenium-firefox-driver-4.0.0-alpha-3.jar;C:\Users\tyudm\.m2\repository\org\seleniumhq\selenium\selenium-firefox-xpi-driver\4.0.0-alpha-3\selenium-firefox-xpi-driver-4.0.0-alpha-3.jar;C:\Users\tyudm\.m2\repository\org\seleniumhq\selenium\selenium-ie-driver\4.0.0-alpha-3\selenium-ie-driver-4.0.0-alpha-3.jar;C:\Users\tyudm\.m2\repository\org\seleniumhq\selenium\selenium-opera-driver\4.0.0-alpha-3\selenium-opera-driver-4.0.0-alpha-3.jar;C:\Users\tyudm\.m2\repository\org\seleniumhq\selenium\selenium-remote-driver\4.0.0-alpha-3\selenium-remote-driver-4.0.0-alpha-3.jar;C:\Users\tyudm\.m2\repository\io\opentracing\opentracing-api\0.33.0\opentracing-api-0.33.0.jar;C:\Users\tyudm\.m2\repository\org\seleniumhq\selenium\selenium-safari-driver\4.0.0-alpha-3\selenium-safari-driver-4.0.0-alpha-3.jar;C:\Users\tyudm\.m2\repository\com\relevantcodes\extentreports\2.41.2\extentreports-2.41.2.jar;C:\Users\tyudm\.m2\repository\org\xerial\sqlite-jdbc\3.8.11.1\sqlite-jdbc-3.8.11.1.jar;C:\Users\tyudm\.m2\repository\org\freemarker\freemarker\2.3.23\freemarker-2.3.23.jar;C:\Users\tyudm\.m2\repository\org\mongodb\mongodb-driver\3.0.4\mongodb-driver-3.0.4.jar;C:\Users\tyudm\.m2\repository\org\mongodb\mongodb-driver-core\3.0.4\mongodb-driver-core-3.0.4.jar;C:\Users\tyudm\.m2\repository\org\uncommons\reportng\1.1.4\reportng-1.1.4.jar;C:\Users\tyudm\.m2\repository\velocity\velocity\1.4\velocity-1.4.jar;C:\Users\tyudm\.m2\repository\velocity\velocity-dep\1.4\velocity-dep-1.4.jar;C:\Users\tyudm\.m2\repository\com\google\inject\guice\4.0\guice-4.0.jar;C:\Users\tyudm\.m2\repository\javax\inject\javax.inject\1\javax.inject-1.jar;C:\Users\tyudm\.m2\repository\aopalliance\aopalliance\1.0\aopalliance-1.0.jar;C:\Users\tyudm\.m2\repository\javax\mail\mail\1.4.7\mail-1.4.7.jar;C:\Users\tyudm\.m2\repository\javax\activation\activation\1.1\activation-1.1.jar;C:\Users\tyudm\.m2\repository\mysql\mysql-connector-java\6.0.5\mysql-connector-java-6.0.5.jar;C:\Users\tyudm\.m2\repository\org\apache\poi\poi\4.0.1\poi-4.0.1.jar;C:\Users\tyudm\.m2\repository\commons-codec\commons-codec\1.11\commons-codec-1.11.jar;C:\Users\tyudm\.m2\repository\org\apache\commons\commons-collections4\4.2\commons-collections4-4.2.jar;C:\Users\tyudm\.m2\repository\org\apache\commons\commons-math3\3.6.1\commons-math3-3.6.1.jar;C:\Users\tyudm\.m2\repository\org\apache\poi\poi-ooxml\3.17\poi-ooxml-3.17.jar;C:\Users\tyudm\.m2\repository\com\github\virtuald\curvesapi\1.04\curvesapi-1.04.jar;C:\Users\tyudm\.m2\repository\dom4j\dom4j\1.6.1\dom4j-1.6.1.jar;C:\Users\tyudm\.m2\repository\org\apache\xmlbeans\xmlbeans\3.0.2\xmlbeans-3.0.2.jar;C:\Users\tyudm\.m2\repository\org\slf4j\slf4j-api\1.7.5\slf4j-api-1.7.5.jar;C:\Users\tyudm\.m2\repository\org\slf4j\slf4j-log4j12\1.7.5\slf4j-log4j12-1.7.5.jar;C:\Users\tyudm\.m2\repository\org\apache\poi\poi-ooxml-schemas\3.17\poi-ooxml-schemas-3.17.jar;C:\Users\tyudm\.m2\repository\com\aventstack\extentreports\4.0.9\extentreports-4.0.9.jar;C:\Users\tyudm\.m2\repository\org\mongodb\bson\3.3.0\bson-3.3.0.jar;C:\Users\tyudm\.m2\repository\org\apache\httpcomponents\httpmime\4.5.2\httpmime-4.5.2.jar;C:\Users\tyudm\.m2\repository\org\seleniumhq\selenium\selenium-server\3.141.59\selenium-server-3.141.59.jar;C:\Users\tyudm\.m2\repository\net\bytebuddy\byte-buddy\1.8.15\byte-buddy-1.8.15.jar;C:\Users\tyudm\.m2\repository\org\apache\commons\commons-exec\1.3\commons-exec-1.3.jar;C:\Users\tyudm\.m2\repository\net\jcip\jcip-annotations\1.0\jcip-annotations-1.0.jar;C:\Users\tyudm\.m2\repository\org\seleniumhq\selenium\jetty-repacked\9.4.12.v20180830\jetty-repacked-9.4.12.v20180830.jar;C:\Users\tyudm\.m2\repository\com\squareup\okhttp3\okhttp\3.11.0\okhttp-3.11.0.jar;C:\Users\tyudm\.m2\repository\com\squareup\okio\okio\1.14.0\okio-1.14.0.jar;C:\Users\tyudm\.m2\repository\javax\servlet\javax.servlet-api\3.1.0\javax.servlet-api-3.1.0.jar;C:\Users\tyudm\.m2\repository\org\seleniumhq\selenium\selenium-support\4.0.0-alpha-3\selenium-support-4.0.0-alpha-3.jar;C:\Users\tyudm\.m2\repository\org\seleniumhq\selenium\selenium-devtools\4.0.0-alpha-3\selenium-devtools-4.0.0-alpha-3.jar;C:\Users\tyudm\.m2\repository\org\seleniumhq\selenium\selenium-json\4.0.0-alpha-3\selenium-json-4.0.0-alpha-3.jar;C:\Users\tyudm\.m2\repository\org\jsoup\jsoup\1.11.3\jsoup-1.11.3.jar;C:\Users\tyudm\.m2\repository\org\apache\maven\surefire\surefire-junit47\3.0.0-M1\surefire-junit47-3.0.0-M1.jar;C:\Users\tyudm\.m2\repository\org\apache\maven\surefire\common-junit48\3.0.0-M1\common-junit48-3.0.0-M1.jar;C:\Users\tyudm\.m2\repository\org\apache\maven\surefire\common-junit4\3.0.0-M1\common-junit4-3.0.0-M1.jar;C:\Users\tyudm\.m2\repository\org\apache\maven\surefire\common-junit3\3.0.0-M1\common-junit3-3.0.0-M1.jar;C:\Users\tyudm\.m2\repository\org\apache\maven\surefire\common-java5\3.0.0-M1\common-java5-3.0.0-M1.jar;C:\Users\tyudm\.m2\repository\org\apache\maven\shared\maven-shared-utils\3.1.0\maven-shared-utils-3.1.0.jar;C:\Users\tyudm\.m2\repository\org\apache\maven\surefire\surefire-grouper\3.0.0-M1\surefire-grouper-3.0.0-M1.jar;C:\Users\tyudm\.m2\repository\org\apache\maven\surefire\surefire-api\3.0.0-M1\surefire-api-3.0.0-M1.jar;C:\Users\tyudm\.m2\repository\org\apache\maven\surefire\surefire-logger-api\3.0.0-M1\surefire-logger-api-3.0.0-M1.jar;C:\Users\tyudm\.m2\repository\javax\xml\bind\jaxb-api\2.3.0\jaxb-api-2.3.0.jar;"/>
    <property name="java.vm.vendor" value="Oracle Corporation"/>
    <property name="sun.arch.data.model" value="64"/>
    <property name="user.variant" value=""/>
    <property name="java.vendor.url" value="http://java.oracle.com/"/>
    <property name="user.timezone" value="Europe/Helsinki"/>
    <property name="java.vm.specification.version" value="11"/>
    <property name="os.name" value="Windows 7"/>
    <property name="sun.java.launcher" value="SUN_STANDARD"/>
    <property name="user.country" value="US"/>
    <property name="sun.boot.library.path" value="C:\Program Files\Java\jdk-11.0.5\bin"/>
    <property name="sun.java.command" value="C:\Users\tyudm\AppData\Local\Temp\surefire8436357107744840193\surefirebooter9393102052246887696.jar C:\Users\tyudm\AppData\Local\Temp\surefire8436357107744840193 2019-12-03T15-18-08_379-jvmRun1 surefire842399316576229992tmp surefire_013127299485980573928tmp"/>
    <property name="jdk.debug" value="release"/>
    <property name="surefire.test.class.path" value="C:\Users\tyudm\git\HerokuappProjectEducation\webdriver\target\test-classes;C:\Users\tyudm\git\HerokuappProjectEducation\webdriver\target\classes;C:\Users\tyudm\.m2\repository\org\testng\testng\6.11\testng-6.11.jar;C:\Users\tyudm\.m2\repository\com\beust\jcommander\1.64\jcommander-1.64.jar;C:\Users\tyudm\.m2\repository\org\yaml\snakeyaml\1.17\snakeyaml-1.17.jar;C:\Users\tyudm\.m2\repository\log4j\log4j\1.2.17\log4j-1.2.17.jar;C:\Users\tyudm\.m2\repository\io\qameta\allure\allure-testng\2.7.0\allure-testng-2.7.0.jar;C:\Users\tyudm\.m2\repository\io\qameta\allure\allure-descriptions-javadoc\2.7.0\allure-descriptions-javadoc-2.7.0.jar;C:\Users\tyudm\.m2\repository\io\qameta\allure\allure-java-commons\2.7.0\allure-java-commons-2.7.0.jar;C:\Users\tyudm\.m2\repository\io\qameta\allure\allure2-model-api\1.0.0\allure2-model-api-1.0.0.jar;C:\Users\tyudm\.m2\repository\io\qameta\allure\allure2-model-pojo\1.0.0\allure2-model-pojo-1.0.0.jar;C:\Users\tyudm\.m2\repository\org\apache\tika\tika-core\1.14\tika-core-1.14.jar;C:\Users\tyudm\.m2\repository\io\qameta\allure\allure2-model-jackson\1.0.0\allure2-model-jackson-1.0.0.jar;C:\Users\tyudm\.m2\repository\com\fasterxml\jackson\module\jackson-module-jaxb-annotations\2.7.0\jackson-module-jaxb-annotations-2.7.0.jar;C:\Users\tyudm\.m2\repository\org\aspectj\aspectjrt\1.9.1\aspectjrt-1.9.1.jar;C:\Users\tyudm\.m2\repository\org\jooq\joor-java-8\0.9.9\joor-java-8-0.9.9.jar;C:\Users\tyudm\.m2\repository\io\github\bonigarcia\webdrivermanager\3.7.1\webdrivermanager-3.7.1.jar;C:\Users\tyudm\.m2\repository\commons-io\commons-io\2.6\commons-io-2.6.jar;C:\Users\tyudm\.m2\repository\com\google\code\gson\gson\2.8.5\gson-2.8.5.jar;C:\Users\tyudm\.m2\repository\org\apache\commons\commons-lang3\3.8.1\commons-lang3-3.8.1.jar;C:\Users\tyudm\.m2\repository\org\apache\httpcomponents\httpclient\4.5.6\httpclient-4.5.6.jar;C:\Users\tyudm\.m2\repository\org\apache\httpcomponents\httpcore\4.4.10\httpcore-4.4.10.jar;C:\Users\tyudm\.m2\repository\commons-logging\commons-logging\1.2\commons-logging-1.2.jar;C:\Users\tyudm\.m2\repository\org\rauschig\jarchivelib\1.0.0\jarchivelib-1.0.0.jar;C:\Users\tyudm\.m2\repository\org\apache\commons\commons-compress\1.18\commons-compress-1.18.jar;C:\Users\tyudm\.m2\repository\com\google\guava\guava\22.0\guava-22.0.jar;C:\Users\tyudm\.m2\repository\com\google\code\findbugs\jsr305\1.3.9\jsr305-1.3.9.jar;C:\Users\tyudm\.m2\repository\com\google\errorprone\error_prone_annotations\2.0.18\error_prone_annotations-2.0.18.jar;C:\Users\tyudm\.m2\repository\com\google\j2objc\j2objc-annotations\1.1\j2objc-annotations-1.1.jar;C:\Users\tyudm\.m2\repository\org\codehaus\mojo\animal-sniffer-annotations\1.14\animal-sniffer-annotations-1.14.jar;C:\Users\tyudm\.m2\repository\com\google\api-client\google-api-client-appengine\1.23.0\google-api-client-appengine-1.23.0.jar;C:\Users\tyudm\.m2\repository\com\google\oauth-client\google-oauth-client-appengine\1.23.0\google-oauth-client-appengine-1.23.0.jar;C:\Users\tyudm\.m2\repository\com\google\oauth-client\google-oauth-client\1.23.0\google-oauth-client-1.23.0.jar;C:\Users\tyudm\.m2\repository\com\google\oauth-client\google-oauth-client-servlet\1.23.0\google-oauth-client-servlet-1.23.0.jar;C:\Users\tyudm\.m2\repository\com\google\http-client\google-http-client-jdo\1.23.0\google-http-client-jdo-1.23.0.jar;C:\Users\tyudm\.m2\repository\com\google\api-client\google-api-client\1.23.0\google-api-client-1.23.0.jar;C:\Users\tyudm\.m2\repository\com\google\http-client\google-http-client-jackson2\1.23.0\google-http-client-jackson2-1.23.0.jar;C:\Users\tyudm\.m2\repository\com\google\api-client\google-api-client-servlet\1.23.0\google-api-client-servlet-1.23.0.jar;C:\Users\tyudm\.m2\repository\javax\servlet\servlet-api\2.5\servlet-api-2.5.jar;C:\Users\tyudm\.m2\repository\javax\jdo\jdo2-api\2.3-eb\jdo2-api-2.3-eb.jar;C:\Users\tyudm\.m2\repository\javax\transaction\transaction-api\1.1\transaction-api-1.1.jar;C:\Users\tyudm\.m2\repository\com\google\http-client\google-http-client-appengine\1.23.0\google-http-client-appengine-1.23.0.jar;C:\Users\tyudm\.m2\repository\com\google\http-client\google-http-client\1.23.0\google-http-client-1.23.0.jar;C:\Users\tyudm\.m2\repository\junit\junit\3.8.1\junit-3.8.1.jar;C:\Users\tyudm\.m2\repository\org\apache\velocity\velocity\1.7\velocity-1.7.jar;C:\Users\tyudm\.m2\repository\commons-collections\commons-collections\3.2.1\commons-collections-3.2.1.jar;C:\Users\tyudm\.m2\repository\commons-lang\commons-lang\2.4\commons-lang-2.4.jar;C:\Users\tyudm\.m2\repository\xml-apis\xml-apis\1.4.01\xml-apis-1.4.01.jar;C:\Users\tyudm\.m2\repository\com\codeborne\selenide\5.2.0\selenide-5.2.0.jar;C:\Users\tyudm\.m2\repository\net\lightbody\bmp\browsermob-core\2.1.5\browsermob-core-2.1.5.jar;C:\Users\tyudm\.m2\repository\net\lightbody\bmp\littleproxy\1.1.0-beta-bmp-17\littleproxy-1.1.0-beta-bmp-17.jar;C:\Users\tyudm\.m2\repository\com\fasterxml\jackson\core\jackson-core\2.8.9\jackson-core-2.8.9.jar;C:\Users\tyudm\.m2\repository\com\fasterxml\jackson\core\jackson-databind\2.8.9\jackson-databind-2.8.9.jar;C:\Users\tyudm\.m2\repository\com\fasterxml\jackson\core\jackson-annotations\2.8.9\jackson-annotations-2.8.9.jar;C:\Users\tyudm\.m2\repository\dnsjava\dnsjava\2.1.8\dnsjava-2.1.8.jar;C:\Users\tyudm\.m2\repository\org\slf4j\jcl-over-slf4j\1.7.25\jcl-over-slf4j-1.7.25.jar;C:\Users\tyudm\.m2\repository\com\jcraft\jzlib\1.1.3\jzlib-1.1.3.jar;C:\Users\tyudm\.m2\repository\io\netty\netty-all\4.0.51.Final\netty-all-4.0.51.Final.jar;C:\Users\tyudm\.m2\repository\org\bouncycastle\bcprov-jdk15on\1.58\bcprov-jdk15on-1.58.jar;C:\Users\tyudm\.m2\repository\org\bouncycastle\bcpkix-jdk15on\1.58\bcpkix-jdk15on-1.58.jar;C:\Users\tyudm\.m2\repository\net\lightbody\bmp\mitm\2.1.5\mitm-2.1.5.jar;C:\Users\tyudm\.m2\repository\org\seleniumhq\selenium\selenium-java\4.0.0-alpha-3\selenium-java-4.0.0-alpha-3.jar;C:\Users\tyudm\.m2\repository\org\seleniumhq\selenium\selenium-api\4.0.0-alpha-3\selenium-api-4.0.0-alpha-3.jar;C:\Users\tyudm\.m2\repository\org\seleniumhq\selenium\selenium-chrome-driver\4.0.0-alpha-3\selenium-chrome-driver-4.0.0-alpha-3.jar;C:\Users\tyudm\.m2\repository\org\seleniumhq\selenium\selenium-chromium-driver\4.0.0-alpha-3\selenium-chromium-driver-4.0.0-alpha-3.jar;C:\Users\tyudm\.m2\repository\org\seleniumhq\selenium\selenium-http\4.0.0-alpha-3\selenium-http-4.0.0-alpha-3.jar;C:\Users\tyudm\.m2\repository\org\seleniumhq\selenium\selenium-edge-driver\4.0.0-alpha-3\selenium-edge-driver-4.0.0-alpha-3.jar;C:\Users\tyudm\.m2\repository\org\seleniumhq\selenium\selenium-edgehtml-driver\4.0.0-alpha-3\selenium-edgehtml-driver-4.0.0-alpha-3.jar;C:\Users\tyudm\.m2\repository\org\seleniumhq\selenium\selenium-firefox-driver\4.0.0-alpha-3\selenium-firefox-driver-4.0.0-alpha-3.jar;C:\Users\tyudm\.m2\repository\org\seleniumhq\selenium\selenium-firefox-xpi-driver\4.0.0-alpha-3\selenium-firefox-xpi-driver-4.0.0-alpha-3.jar;C:\Users\tyudm\.m2\repository\org\seleniumhq\selenium\selenium-ie-driver\4.0.0-alpha-3\selenium-ie-driver-4.0.0-alpha-3.jar;C:\Users\tyudm\.m2\repository\org\seleniumhq\selenium\selenium-opera-driver\4.0.0-alpha-3\selenium-opera-driver-4.0.0-alpha-3.jar;C:\Users\tyudm\.m2\repository\org\seleniumhq\selenium\selenium-remote-driver\4.0.0-alpha-3\selenium-remote-driver-4.0.0-alpha-3.jar;C:\Users\tyudm\.m2\repository\io\opentracing\opentracing-api\0.33.0\opentracing-api-0.33.0.jar;C:\Users\tyudm\.m2\repository\org\seleniumhq\selenium\selenium-safari-driver\4.0.0-alpha-3\selenium-safari-driver-4.0.0-alpha-3.jar;C:\Users\tyudm\.m2\repository\com\relevantcodes\extentreports\2.41.2\extentreports-2.41.2.jar;C:\Users\tyudm\.m2\repository\org\xerial\sqlite-jdbc\3.8.11.1\sqlite-jdbc-3.8.11.1.jar;C:\Users\tyudm\.m2\repository\org\freemarker\freemarker\2.3.23\freemarker-2.3.23.jar;C:\Users\tyudm\.m2\repository\org\mongodb\mongodb-driver\3.0.4\mongodb-driver-3.0.4.jar;C:\Users\tyudm\.m2\repository\org\mongodb\mongodb-driver-core\3.0.4\mongodb-driver-core-3.0.4.jar;C:\Users\tyudm\.m2\repository\org\uncommons\reportng\1.1.4\reportng-1.1.4.jar;C:\Users\tyudm\.m2\repository\velocity\velocity\1.4\velocity-1.4.jar;C:\Users\tyudm\.m2\repository\velocity\velocity-dep\1.4\velocity-dep-1.4.jar;C:\Users\tyudm\.m2\repository\com\google\inject\guice\4.0\guice-4.0.jar;C:\Users\tyudm\.m2\repository\javax\inject\javax.inject\1\javax.inject-1.jar;C:\Users\tyudm\.m2\repository\aopalliance\aopalliance\1.0\aopalliance-1.0.jar;C:\Users\tyudm\.m2\repository\javax\mail\mail\1.4.7\mail-1.4.7.jar;C:\Users\tyudm\.m2\repository\javax\activation\activation\1.1\activation-1.1.jar;C:\Users\tyudm\.m2\repository\mysql\mysql-connector-java\6.0.5\mysql-connector-java-6.0.5.jar;C:\Users\tyudm\.m2\repository\org\apache\poi\poi\4.0.1\poi-4.0.1.jar;C:\Users\tyudm\.m2\repository\commons-codec\commons-codec\1.11\commons-codec-1.11.jar;C:\Users\tyudm\.m2\repository\org\apache\commons\commons-collections4\4.2\commons-collections4-4.2.jar;C:\Users\tyudm\.m2\repository\org\apache\commons\commons-math3\3.6.1\commons-math3-3.6.1.jar;C:\Users\tyudm\.m2\repository\org\apache\poi\poi-ooxml\3.17\poi-ooxml-3.17.jar;C:\Users\tyudm\.m2\repository\com\github\virtuald\curvesapi\1.04\curvesapi-1.04.jar;C:\Users\tyudm\.m2\repository\dom4j\dom4j\1.6.1\dom4j-1.6.1.jar;C:\Users\tyudm\.m2\repository\org\apache\xmlbeans\xmlbeans\3.0.2\xmlbeans-3.0.2.jar;C:\Users\tyudm\.m2\repository\org\slf4j\slf4j-api\1.7.5\slf4j-api-1.7.5.jar;C:\Users\tyudm\.m2\repository\org\slf4j\slf4j-log4j12\1.7.5\slf4j-log4j12-1.7.5.jar;C:\Users\tyudm\.m2\repository\org\apache\poi\poi-ooxml-schemas\3.17\poi-ooxml-schemas-3.17.jar;C:\Users\tyudm\.m2\repository\com\aventstack\extentreports\4.0.9\extentreports-4.0.9.jar;C:\Users\tyudm\.m2\repository\org\mongodb\bson\3.3.0\bson-3.3.0.jar;C:\Users\tyudm\.m2\repository\org\apache\httpcomponents\httpmime\4.5.2\httpmime-4.5.2.jar;C:\Users\tyudm\.m2\repository\org\seleniumhq\selenium\selenium-server\3.141.59\selenium-server-3.141.59.jar;C:\Users\tyudm\.m2\repository\net\bytebuddy\byte-buddy\1.8.15\byte-buddy-1.8.15.jar;C:\Users\tyudm\.m2\repository\org\apache\commons\commons-exec\1.3\commons-exec-1.3.jar;C:\Users\tyudm\.m2\repository\net\jcip\jcip-annotations\1.0\jcip-annotations-1.0.jar;C:\Users\tyudm\.m2\repository\org\seleniumhq\selenium\jetty-repacked\9.4.12.v20180830\jetty-repacked-9.4.12.v20180830.jar;C:\Users\tyudm\.m2\repository\com\squareup\okhttp3\okhttp\3.11.0\okhttp-3.11.0.jar;C:\Users\tyudm\.m2\repository\com\squareup\okio\okio\1.14.0\okio-1.14.0.jar;C:\Users\tyudm\.m2\repository\javax\servlet\javax.servlet-api\3.1.0\javax.servlet-api-3.1.0.jar;C:\Users\tyudm\.m2\repository\org\seleniumhq\selenium\selenium-support\4.0.0-alpha-3\selenium-support-4.0.0-alpha-3.jar;C:\Users\tyudm\.m2\repository\org\seleniumhq\selenium\selenium-devtools\4.0.0-alpha-3\selenium-devtools-4.0.0-alpha-3.jar;C:\Users\tyudm\.m2\repository\org\seleniumhq\selenium\selenium-json\4.0.0-alpha-3\selenium-json-4.0.0-alpha-3.jar;C:\Users\tyudm\.m2\repository\org\jsoup\jsoup\1.11.3\jsoup-1.11.3.jar;C:\Users\tyudm\.m2\repository\org\apache\maven\surefire\surefire-junit47\3.0.0-M1\surefire-junit47-3.0.0-M1.jar;C:\Users\tyudm\.m2\repository\org\apache\maven\surefire\common-junit48\3.0.0-M1\common-junit48-3.0.0-M1.jar;C:\Users\tyudm\.m2\repository\org\apache\maven\surefire\common-junit4\3.0.0-M1\common-junit4-3.0.0-M1.jar;C:\Users\tyudm\.m2\repository\org\apache\maven\surefire\common-junit3\3.0.0-M1\common-junit3-3.0.0-M1.jar;C:\Users\tyudm\.m2\repository\org\apache\maven\surefire\common-java5\3.0.0-M1\common-java5-3.0.0-M1.jar;C:\Users\tyudm\.m2\repository\org\apache\maven\shared\maven-shared-utils\3.1.0\maven-shared-utils-3.1.0.jar;C:\Users\tyudm\.m2\repository\org\apache\maven\surefire\surefire-grouper\3.0.0-M1\surefire-grouper-3.0.0-M1.jar;C:\Users\tyudm\.m2\repository\org\apache\maven\surefire\surefire-api\3.0.0-M1\surefire-api-3.0.0-M1.jar;C:\Users\tyudm\.m2\repository\org\apache\maven\surefire\surefire-logger-api\3.0.0-M1\surefire-logger-api-3.0.0-M1.jar;C:\Users\tyudm\.m2\repository\javax\xml\bind\jaxb-api\2.3.0\jaxb-api-2.3.0.jar;"/>
    <property name="sun.cpu.endian" value="little"/>
    <property name="user.home" value="C:\Users\tyudm"/>
    <property name="user.language" value="en"/>
    <property name="java.specification.vendor" value="Oracle Corporation"/>
    <property name="java.version.date" value="2019-10-15"/>
    <property name="java.home" value="C:\Program Files\Java\jdk-11.0.5"/>
    <property name="file.separator" value="\"/>
    <property name="basedir" value="C:\Users\tyudm\git\HerokuappProjectEducation\webdriver"/>
    <property name="java.vm.compressedOopsMode" value="Zero based"/>
    <property name="line.separator" value="&#10;"/>
    <property name="java.specification.name" value="Java Platform API Specification"/>
    <property name="java.vm.specification.vendor" value="Oracle Corporation"/>
    <property name="java.awt.graphicsenv" value="sun.awt.Win32GraphicsEnvironment"/>
    <property name="surefire.real.class.path" value="C:\Users\tyudm\AppData\Local\Temp\surefire8436357107744840193\surefirebooter9393102052246887696.jar"/>
    <property name="user.script" value=""/>
    <property name="sun.management.compiler" value="HotSpot 64-Bit Tiered Compilers"/>
    <property name="java.runtime.version" value="11.0.5+10-LTS"/>
    <property name="user.name" value="tyudm"/>
    <property name="path.separator" value=";"/>
    <property name="os.version" value="6.1"/>
    <property name="java.runtime.name" value="Java(TM) SE Runtime Environment"/>
    <property name="file.encoding" value="Cp1252"/>
    <property name="java.vm.name" value="Java HotSpot(TM) 64-Bit Server VM"/>
    <property name="java.vendor.version" value="18.9"/>
    <property name="localRepository" value="C:\Users\tyudm\.m2\repository"/>
    <property name="java.vendor.url.bug" value="http://bugreport.java.com/bugreport/"/>
    <property name="java.io.tmpdir" value="C:\Users\tyudm\AppData\Local\Temp\"/>
    <property name="java.version" value="11.0.5"/>
    <property name="user.dir" value="C:\Users\tyudm\git\HerokuappProjectEducation\webdriver"/>
    <property name="os.arch" value="amd64"/>
    <property name="java.vm.specification.name" value="Java Virtual Machine Specification"/>
    <property name="java.awt.printerjob" value="sun.awt.windows.WPrinterJob"/>
    <property name="sun.os.patch.level" value="Service Pack 1"/>
    <property name="java.library.path" value="C:\Program Files\Java\jdk-11.0.5\bin;C:\Windows\Sun\Java\bin;C:\Windows\system32;C:\Windows;C:/Program Files/Java/jdk-11.0.5/bin/server;C:/Program Files/Java/jdk-11.0.5/bin;C:\Program Files\PHP\v7.2;C:\ProgramData\Oracle\Java\javapath;C:\Program Files (x86)\AMD APP\bin\x86_64;C:\Program Files (x86)\AMD APP\bin\x86;C:\Windows\system32;C:\Windows;C:\Windows\System32\Wbem;C:\Windows\System32\WindowsPowerShell\v1.0\;C:\Program Files (x86)\ATI Technologies\ATI.ACE\Core-Static;C:\Program Files (x86)\Microsoft SQL Server\100\Tools\Binn\VSShell\Common7\IDE\;C:\Program Files (x86)\Microsoft SQL Server\100\Tools\Binn\;C:\Program Files\Microsoft SQL Server\100\Tools\Binn\;C:\Program Files (x86)\Microsoft SQL Server\100\DTS\Binn;C:\Selenium\Chrome;C:\Selenium\IE;C:\Program Files (x86)\Microsoft ASP.NET\ASP.NET Web Pages\v1.0\;C:\Program Files\Microsoft SQL Server\110\Tools\Binn\;C:\Wget\GnuWin32\bin;C:\Program Files\Maven\bin;C:\Program Files (x86)\GtkSharp\2.12\bin;C:\Program Files (x86)\Microsoft SQL Server\100\DTS\Binn\;D:\Selenium downloads\apache-ant-1.9.7\bin\;C:\Program Files (x86)\PICT\;C:\Program Files (x86)\Skype\Phone;D:\browsersDrivers\;%TOMCAT_HOME\bin%;%M2_HOME\bin;C:\Program Files\PHP\v7.2; c:\Program Files\Microsoft SQL Server\100\DTS\Binn\;D:\allure-2.13.0\bin\;C:\Program Files\Java\jdk-11.0.5\bin;;C:\Users\tyudm\Desktop;;."/>
    <property name="java.vendor" value="Oracle Corporation"/>
    <property name="java.vm.info" value="mixed mode"/>
    <property name="java.vm.version" value="11.0.5+10-LTS"/>
    <property name="sun.io.unicode.encoding" value="UnicodeLittle"/>
    <property name="java.class.version" value="55.0"/>
  </properties>
  <testcase name="testDeleteCookie" classname="Cookies.CookiesTests" time="0.37"/>
  <testcase name="JSAlertTest" classname="AlertsPage.AlertsTests" time="0.606"/>
  <testcase name="testRightClick" classname="contextMenu.ContextTests" time="0.793"/>
  <testcase name="testSelectOption" classname="dropdown.DropdownTests" time="0.933"/>
  <testcase name="testSendingEmail" classname="forgotPassword.forgotPasswordTests" time="0.291"/>
  <testcase name="JSConfirmAlert" classname="AlertsPage.AlertsTests" time="0.499"/>
  <testcase name="testSetInputInAlert" classname="AlertsPage.AlertsTests" time="0.549"/>
  <testcase name="testBackSpace" classname="keys.KeysTests" time="0.473"/>
  <testcase name="ParagraphTest" classname="Frames.FramesTests" time="0.499"/>
  <testcase name="testScrollToTable" classname="javaScript.JavaScriptTests" time="0.163"/>
  <testcase name="testHoverUser1" classname="hover.HoverTests" time="0.174"/>
  <testcase name="testPi" classname="keys.KeysTests" time="0.381"/>
  <testcase name="testSuccessfulLogin" classname="login.LoginTests" time="0.539"/>
  <testcase name="testSuccessfulLogin" classname="login.LoginTests" time="0.971">
    <failure message="Alert text is incorrect! expected [true] but found [false]" type="java.lang.AssertionError">java.lang.AssertionError: Alert text is incorrect! expected [true] but found [false]
	at login.LoginTests.testSuccessfulLogin(LoginTests.java:23)
</failure>
  </testcase>
  <testcase name="testDomain" classname="javaScript.JavaScriptTests" time="0.701"/>
  <testcase name="testScrollToButtom" classname="javaScript.JavaScriptTests" time="0.836"/>
  <testcase name="testScrollToFifthParagraph" classname="javaScript.JavaScriptTests" time="1.264"/>
  <testcase name="testSelectOption" classname="javaScript.JavaScriptTests" time="0.904"/>
  <testcase name="testSuccessfulLogin3Parameters" classname="login.LoginTests" time="0.747"/>
  <testcase name="BottomFrameTest" classname="Frames.NestedFramesTests" time="1.187"/>
  <testcase name="FactExampleTests" classname="keys.MultiplyWindows" time="1.515"/>
  <testcase name="closeTestModal" classname="ModalWindow.ModalTests" time="2.89"/>
  <testcase name="testNavigator" classname="navigation.NavigationTests" time="1.979">
    <failure message="The following asserts failed:&#10;	The Welcome Link Is Not Correct On The Home Page expected [false] but found [true],&#10;	The Dashboard Is Not Correct On The Home Page expected [true] but found [false]" type="java.lang.AssertionError">java.lang.AssertionError: 
The following asserts failed:
	The Welcome Link Is Not Correct On The Home Page expected [false] but found [true],
	The Dashboard Is Not Correct On The Home Page expected [true] but found [false]
	at navigation.NavigationTests.testNavigator(NavigationTests.java:31)
</failure>
    <system-out><![CDATA[URL: https://the-internet.herokuapp.com/
URL: https://the-internet.herokuapp.com/
URL: https://the-internet.herokuapp.com/
URL: https://the-internet.herokuapp.com/
Screenshot taken: C:\Users\tyudm\AppData\Local\Temp\screenshot507439165806858673.png
Clicking on Dynamic Loading
Clicking on Example 1: Element on page that is hidden
URL: https://google.com
3. Verify Welcome Link
4. Verify Admin Tab
5. Verify Dashboard
]]></system-out>
    <system-err><![CDATA[Dec 03, 2019 3:18:41 PM org.openqa.selenium.remote.ProtocolHandshake createSession
INFO: Detected dialect: W3C
Dec 03, 2019 3:18:41 PM org.openqa.selenium.remote.ProtocolHandshake createSession
INFO: Detected dialect: W3C
Dec 03, 2019 3:18:41 PM org.openqa.selenium.remote.ProtocolHandshake createSession
INFO: Detected dialect: W3C
]]></system-err>
  </testcase>
  <testcase name="setSliderNumberFour" classname="Slider.sliderTests" time="0.846"/>
  <testcase name="testFileUpload" classname="UploadFile.UploadFileTests" time="0.88"/>
  <testcase name="testSwitchTab" classname="navigation.NavigationTests" time="1.481"/>
  <testcase name="testWaitUntilHidden" classname="Wait.FluentWait" time="5.924"/>
  <testcase name="FactTest" classname="Wait.WaitFactExercise" time="5.752"/>
  <testcase name="testWaitUntilHidden" classname="Wait.WaitTests" time="6.144"/>
</testsuite>